<?xml version="1.0" encoding="UTF-8"?>
<Site BuildName="(empty)"
	BuildStamp="20240626-0821-Experimental"
	Name="bot"
	Generator="ctest-3.22.1"
	CompilerName="/usr/bin/c++"
	CompilerVersion="11.4.0"
	OSName="Linux"
	Hostname="bot"
	OSRelease="5.15.0-1057-realtime"
	OSVersion="#64-Ubuntu SMP PREEMPT_RT Mon Mar 11 15:01:47 UTC 2024"
	OSPlatform="x86_64"
	Is64Bits="1"
	VendorString="GenuineIntel"
	VendorID="Intel Corporation"
	FamilyID="6"
	ModelID="154"
	ProcessorCacheSize="12288"
	NumberOfLogicalCPU="12"
	NumberOfPhysicalCPU="8"
	TotalVirtualMemory="28763"
	TotalPhysicalMemory="15692"
	LogicalProcessorsPerPhysical="1"
	ProcessorClockFrequency="3889.4"
	>
	<Testing>
		<StartDateTime>Jun 26 14:51 +0630</StartDateTime>
		<StartTestTime>1719390098</StartTestTime>
		<TestList/>
		<EndDateTime>Jun 26 14:51 +0630</EndDateTime>
		<EndTestTime>1719390098</EndTestTime>
		<ElapsedMinutes>0</ElapsedMinutes>
	</Testing>
</Site>
